This is pdfTeX, Version 3.14159265-2.6-1.40.16 (MiKTeX 2.9) (preloaded format=pdflatex 2015.9.1)  19 JUL 2016 10:42
entering extended mode
**FullUSM_ACM.tex
(FullUSM_ACM.tex
LaTeX2e <2015/01/01> patch level 2
Babel <3.9m> and hyphenation patterns for 69 languages loaded.
(sig-alternate-05-2015.cls
(C:\Users\VP242103\Downloads\tex\latex\graphics\epsfig.sty
Package: epsfig 1999/02/16 v1.7a (e)psfig emulation (SPQR)

(C:\Users\VP242103\Downloads\tex\latex\graphics\graphicx.sty
Package: graphicx 2014/10/28 v1.0g Enhanced LaTeX Graphics (DPC,SPQR)

(C:\Users\VP242103\Downloads\tex\latex\graphics\keyval.sty
Package: keyval 2014/10/28 v1.15 key=value parser (DPC)
\KV@toks@=\toks14
)
(C:\Users\VP242103\Downloads\tex\latex\graphics\graphics.sty
Package: graphics 2014/10/28 v1.0p Standard LaTeX Graphics (DPC,SPQR)

(C:\Users\VP242103\Downloads\tex\latex\graphics\trig.sty
Package: trig 1999/03/16 v1.09 sin cos tan (DPC)
)
(C:\Users\VP242103\Downloads\tex\latex\00miktex\graphics.cfg
File: graphics.cfg 2007/01/18 v1.5 graphics configuration of teTeX/TeXLive
)
Package graphics Info: Driver file: pdftex.def on input line 94.

(C:\Users\VP242103\Downloads\tex\latex\pdftex-def\pdftex.def
File: pdftex.def 2011/05/27 v0.06d Graphics/color for pdfTeX

(C:\Users\VP242103\Downloads\tex\generic\oberdiek\infwarerr.sty
Package: infwarerr 2010/04/08 v1.3 Providing info/warning/error messages (HO)
)
(C:\Users\VP242103\Downloads\tex\generic\oberdiek\ltxcmds.sty
Package: ltxcmds 2011/11/09 v1.22 LaTeX kernel commands for general use (HO)
)
\Gread@gobject=\count79
))
\Gin@req@height=\dimen102
\Gin@req@width=\dimen103
)
\epsfxsize=\dimen104
\epsfysize=\dimen105
)
(C:\Users\VP242103\Downloads\tex\latex\amsfonts\amssymb.sty
Package: amssymb 2013/01/14 v3.01 AMS font symbols

(C:\Users\VP242103\Downloads\tex\latex\amsfonts\amsfonts.sty
Package: amsfonts 2013/01/14 v3.01 Basic AMSFonts support
\@emptytoks=\toks15
\symAMSa=\mathgroup4
\symAMSb=\mathgroup5
LaTeX Font Info:    Overwriting math alphabet `\mathfrak' in version `bold'
(Font)                  U/euf/m/n --> U/euf/b/n on input line 106.
))
(C:\Users\VP242103\Downloads\tex\latex\amsmath\amsmath.sty
Package: amsmath 2013/01/14 v2.14 AMS math features
\@mathmargin=\skip41

For additional information on amsmath, use the `?' option.
(C:\Users\VP242103\Downloads\tex\latex\amsmath\amstext.sty
Package: amstext 2000/06/29 v2.01

(C:\Users\VP242103\Downloads\tex\latex\amsmath\amsgen.sty
File: amsgen.sty 1999/11/30 v2.0
\@emptytoks=\toks16
\ex@=\dimen106
))
(C:\Users\VP242103\Downloads\tex\latex\amsmath\amsbsy.sty
Package: amsbsy 1999/11/29 v1.2d
\pmbraise@=\dimen107
)
(C:\Users\VP242103\Downloads\tex\latex\amsmath\amsopn.sty
Package: amsopn 1999/12/14 v2.01 operator names
)
\inf@bad=\count80
LaTeX Info: Redefining \frac on input line 210.
\uproot@=\count81
\leftroot@=\count82
LaTeX Info: Redefining \overline on input line 306.
\classnum@=\count83
\DOTSCASE@=\count84
LaTeX Info: Redefining \ldots on input line 378.
LaTeX Info: Redefining \dots on input line 381.
LaTeX Info: Redefining \cdots on input line 466.
\Mathstrutbox@=\box26
\strutbox@=\box27
\big@size=\dimen108
LaTeX Font Info:    Redeclaring font encoding OML on input line 566.
LaTeX Font Info:    Redeclaring font encoding OMS on input line 567.
\macc@depth=\count85
\c@MaxMatrixCols=\count86
\dotsspace@=\muskip10
\c@parentequation=\count87
\dspbrk@lvl=\count88
\tag@help=\toks17
\row@=\count89
\column@=\count90
\maxfields@=\count91
\andhelp@=\toks18
\eqnshift@=\dimen109
\alignsep@=\dimen110
\tagshift@=\dimen111
\tagwidth@=\dimen112
\totwidth@=\dimen113
\lineht@=\dimen114
\@envbody=\toks19
\multlinegap=\skip42
\multlinetaggap=\skip43
\mathdisplay@stack=\toks20
LaTeX Info: Redefining \[ on input line 2665.
LaTeX Info: Redefining \] on input line 2666.
)
Document Class 'sig-alternate' <9th June '13>. Modified by G.K.M. Tobin/Gerry M
urray/Boris Veytsman
Based in part upon document Style `acmconf' <22 May 89>. Hacked 4/91 by
shivers@cs.cmu.edu, 4/93 by theobald@cs.mcgill.ca
Excerpts were taken from (Journal Style) 'esub2acm.cls'.
****** Bugs/comments/suggestions/technicalities to Gerry Murray -- murray@hq.ac
m.org ******
Questions on the style, SIGS policies, etc. to Adrienne Griscti griscti@acm.org

\ACM@basesize=\count92
(C:\Users\VP242103\Downloads\tex\latex\comment\comment.sty
\CommentStream=\write3

Excluding comment 'comment') Excluding comment 'CCSXML'
\footheight=\dimen115
\@maxsep=\dimen116
\@dblmaxsep=\dimen117

(C:\Users\VP242103\Downloads\tex\generic\oberdiek\ifpdf.sty
Package: ifpdf 2011/01/30 v2.3 Provides the ifpdf switch (HO)
Package ifpdf Info: pdfTeX in PDF mode is detected.
)
\aucount=\count93
\originalaucount=\count94
\auwidth=\dimen118
\auskip=\dimen119
\auskipcount=\count95
\auskip=\dimen120
\allauboxes=\dimen121
\addauthors=\toks21
\addauflag=\count96
\subtitletext=\toks22
\savesection=\count97
\sectioncntr=\count98
\c@figure=\count99
\c@table=\count100
\titleboxnotes=\toks23
\titleboxnoteflag=\count101


LaTeX Warning: You have requested document class `sig-alternate-05-2015',
               but the document class provides `sig-alternate'.

Document Class: sig-alternate 2013/05/12 v2.7 based on acmproc.cls V1.3 <Nov. 3
0 '99>
(C:\Users\VP242103\Downloads\tex\latex\base\latexsym.sty
Package: latexsym 1998/08/17 v2.2e Standard LaTeX package (lasy symbols)
\symlasy=\mathgroup6
LaTeX Font Info:    Overwriting symbol font `lasy' in version `bold'
(Font)                  U/lasy/m/n --> U/lasy/b/n on input line 52.
)
\@acmtitlebox=\box28
\titlenotecount=\count102
\tntoks=\toks24
\tntokstwo=\toks25
\tntoksthree=\toks26
\tntoksfour=\toks27
\tntoksfive=\toks28
\catcount=\count103
\copyrightnotice=\toks29
\conf=\toks30
\confinfo=\toks31
\c@part=\count104
\c@section=\count105
\c@subsection=\count106
\c@subsubsection=\count107
\c@paragraph=\count108

Using 'Abbrev' bibliography style
LaTeX Info: Redefining \cite on input line 1408.
\bibindent=\dimen122
\colcntr=\count109
\saveb@x=\box29
\copyrtyr=\toks32
\acmcopyr=\toks33
\boilerplate=\toks34
(C:\Users\VP242103\Downloads\tex\latex\url\url.sty
\Urlmuskip=\muskip11
Package: url 2013/09/16  ver 3.4  Verb mode for urls, etc.
) (acmcopyright.sty
Package: acmcopyright 2014/06/29 v1.2 Copyright statemens for ACM classes

(C:\Users\VP242103\Downloads\tex\latex\xkeyval\xkeyval.sty
Package: xkeyval 2014/12/03 v2.7a package option processing (HA)

(C:\Users\VP242103\Downloads\tex\generic\xkeyval\xkeyval.tex
(C:\Users\VP242103\Downloads\tex\generic\xkeyval\xkvutils.tex
\XKV@toks=\toks35
\XKV@tempa@toks=\toks36
)
\XKV@depth=\count110
File: xkeyval.tex 2014/12/03 v2.7a key=value parser (HA)
)))
\copyrightetc=\toks37

(C:\Users\VP242103\Downloads\tex\latex\base\fontenc.sty
Package: fontenc 2005/09/27 v1.99g Standard LaTeX package

(C:\Users\VP242103\Downloads\tex\latex\base\t1enc.def
File: t1enc.def 2005/09/27 v1.99g Standard LaTeX file
LaTeX Font Info:    Redeclaring font encoding T1 on input line 48.
)
LaTeX Font Info:    Try loading font information for T1+aer on input line 105.

(C:\Users\VP242103\Downloads\tex\latex\ae\t1aer.fd
File: t1aer.fd 1997/11/16 Font definitions for T1/aer.
)))
(C:\Users\VP242103\Downloads\tex\latex\graphics\color.sty
Package: color 2014/10/28 v1.1a Standard LaTeX Color (DPC)

(C:\Users\VP242103\Downloads\tex\latex\00miktex\color.cfg
File: color.cfg 2007/01/18 v1.5 color configuration of teTeX/TeXLive
)
Package color Info: Driver file: pdftex.def on input line 142.
)
(C:\Users\VP242103\Downloads\tex\latex\xcolor\xcolor.sty
Package: xcolor 2007/01/21 v2.11 LaTeX color extensions (UK)

(C:\Users\VP242103\Downloads\tex\latex\00miktex\color.cfg
File: color.cfg 2007/01/18 v1.5 color configuration of teTeX/TeXLive
)
Package xcolor Info: Driver file: pdftex.def on input line 225.
LaTeX Info: Redefining \color on input line 702.
Package xcolor Info: Model `cmy' substituted by `cmy0' on input line 1337.
Package xcolor Info: Model `hsb' substituted by `rgb' on input line 1341.
Package xcolor Info: Model `RGB' extended on input line 1353.
Package xcolor Info: Model `HTML' substituted by `rgb' on input line 1355.
Package xcolor Info: Model `Hsb' substituted by `hsb' on input line 1356.
Package xcolor Info: Model `tHsb' substituted by `hsb' on input line 1357.
Package xcolor Info: Model `HSB' substituted by `hsb' on input line 1358.
Package xcolor Info: Model `Gray' substituted by `gray' on input line 1359.
Package xcolor Info: Model `wave' substituted by `hsb' on input line 1360.
)
(C:\Users\VP242103\Downloads\tex\latex\colortbl\colortbl.sty
Package: colortbl 2012/02/13 v1.0a Color table columns (DPC)

(C:\Users\VP242103\Downloads\tex\latex\tools\array.sty
Package: array 2014/10/28 v2.4c Tabular extension package (FMi)
\col@sep=\dimen123
\extrarowheight=\dimen124
\NC@list=\toks38
\extratabsurround=\skip44
\backup@length=\skip45
)
\everycr=\toks39
\minrowclearance=\skip46
)
(C:\Users\VP242103\Downloads\tex\latex\listings\listings.sty
\lst@mode=\count111
\lst@gtempboxa=\box30
\lst@token=\toks40
\lst@length=\count112
\lst@currlwidth=\dimen125
\lst@column=\count113
\lst@pos=\count114
\lst@lostspace=\dimen126
\lst@width=\dimen127
\lst@newlines=\count115
\lst@lineno=\count116
\abovecaptionskip=\skip47
\belowcaptionskip=\skip48
\lst@maxwidth=\dimen128

(C:\Users\VP242103\Downloads\tex\latex\listings\lstmisc.sty
File: lstmisc.sty 2015/06/04 1.6 (Carsten Heinz)
\c@lstnumber=\count117
\lst@skipnumbers=\count118
\lst@framebox=\box31
)
(C:\Users\VP242103\Downloads\tex\latex\listings\listings.cfg
File: listings.cfg 2015/06/04 1.6 listings configuration
))
Package: listings 2015/06/04 1.6 (Carsten Heinz)

(C:\Users\VP242103\Downloads\tex\latex\multirow\multirow.sty
\bigstrutjot=\dimen129
)
(C:\Users\VP242103\Downloads\tex\latex\mdframed\mdframed.sty
Package: mdframed 2013/07/01 1.9b: mdframed

(C:\Users\VP242103\Downloads\tex\latex\oberdiek\kvoptions.sty
Package: kvoptions 2011/06/30 v3.11 Key value format for package options (HO)

(C:\Users\VP242103\Downloads\tex\generic\oberdiek\kvsetkeys.sty
Package: kvsetkeys 2012/04/25 v1.16 Key value parser (HO)

(C:\Users\VP242103\Downloads\tex\generic\oberdiek\etexcmds.sty
Package: etexcmds 2011/02/16 v1.5 Avoid name clashes with e-TeX commands (HO)

(C:\Users\VP242103\Downloads\tex\generic\oberdiek\ifluatex.sty
Package: ifluatex 2010/03/01 v1.3 Provides the ifluatex switch (HO)
Package ifluatex Info: LuaTeX not detected.
)
Package etexcmds Info: Could not find \expanded.
(etexcmds)             That can mean that you are not using pdfTeX 1.50 or
(etexcmds)             that some package has redefined \expanded.
(etexcmds)             In the latter case, load this package earlier.
)))
(C:\Users\VP242103\Downloads\tex\latex\l3packages\xparse\xparse.sty
(C:\Users\VP242103\Downloads\tex\latex\l3kernel\expl3.sty
Package: expl3 2016/01/19 v6377 L3 programming layer (loader) 

(C:\Users\VP242103\Downloads\tex\latex\l3kernel\expl3-code.tex
Package: expl3 2016/01/19 v6377 L3 programming layer (code)
L3 Module: l3bootstrap 2016/01/01 v6339 L3 Bootstrap code
L3 Module: l3names 2015/12/21 v6328 L3 Namespace for primitives
L3 Module: l3basics 2015/11/22 v6315 L3 Basic definitions
L3 Module: l3expan 2015/09/10 v5983 L3 Argument expansion
L3 Module: l3tl 2015/09/29 v6121 L3 Token lists
L3 Module: l3str 2016/01/03 v6357 L3 Strings
L3 Module: l3seq 2015/08/05 v5777 L3 Sequences and stacks
L3 Module: l3int 2016/01/05 v6366 L3 Integers
\c_max_int=\count119
\l_tmpa_int=\count120
\l_tmpb_int=\count121
\g_tmpa_int=\count122
\g_tmpb_int=\count123
L3 Module: l3quark 2015/08/17 v5855 L3 Quarks
L3 Module: l3prg 2015/11/01 v6216 L3 Control structures
\g__prg_map_int=\count124
L3 Module: l3clist 2015/09/02 v5901 L3 Comma separated lists
L3 Module: l3token 2015/11/11 v6249 L3 Experimental token manipulation
L3 Module: l3prop 2016/01/05 v6366 L3 Property lists
L3 Module: l3msg 2015/09/28 v6113 L3 Messages
L3 Module: l3file 2015/12/03 v6317 L3 File and I/O operations
\l_iow_line_count_int=\count125
\l__iow_target_count_int=\count126
\l__iow_current_line_int=\count127
\l__iow_current_word_int=\count128
\l__iow_current_indentation_int=\count129
L3 Module: l3skip 2016/01/05 v6366 L3 Dimensions and skips
\c_zero_dim=\dimen130
\c_max_dim=\dimen131
\l_tmpa_dim=\dimen132
\l_tmpb_dim=\dimen133
\g_tmpa_dim=\dimen134
\g_tmpb_dim=\dimen135
\c_zero_skip=\skip49
\c_max_skip=\skip50
\l_tmpa_skip=\skip51
\l_tmpb_skip=\skip52
\g_tmpa_skip=\skip53
\g_tmpb_skip=\skip54
\c_zero_muskip=\muskip12
\c_max_muskip=\muskip13
\l_tmpa_muskip=\muskip14
\l_tmpb_muskip=\muskip15
\g_tmpa_muskip=\muskip16
\g_tmpb_muskip=\muskip17
L3 Module: l3keys 2015/11/17 v6284 L3 Key-value interfaces
\g__keyval_level_int=\count130
\l_keys_choice_int=\count131
L3 Module: l3fp 2015/08/25 v5890 L3 Floating points
\c__fp_leading_shift_int=\count132
\c__fp_middle_shift_int=\count133
\c__fp_trailing_shift_int=\count134
\c__fp_big_leading_shift_int=\count135
\c__fp_big_middle_shift_int=\count136
\c__fp_big_trailing_shift_int=\count137
\c__fp_Bigg_leading_shift_int=\count138
\c__fp_Bigg_middle_shift_int=\count139
\c__fp_Bigg_trailing_shift_int=\count140
L3 Module: l3box 2015/08/09 v5822 L3 Experimental boxes
\c_empty_box=\box32
\l_tmpa_box=\box33
\l_tmpb_box=\box34
\g_tmpa_box=\box35
\g_tmpb_box=\box36
L3 Module: l3coffins 2015/08/06 v5789 L3 Coffin code layer
\l__coffin_internal_box=\box37
\l__coffin_internal_dim=\dimen136
\l__coffin_offset_x_dim=\dimen137
\l__coffin_offset_y_dim=\dimen138
\l__coffin_x_dim=\dimen139
\l__coffin_y_dim=\dimen140
\l__coffin_x_prime_dim=\dimen141
\l__coffin_y_prime_dim=\dimen142
\c_empty_coffin=\box38
\l__coffin_aligned_coffin=\box39
\l__coffin_aligned_internal_coffin=\box40
\l_tmpa_coffin=\box41
\l_tmpb_coffin=\box42
\l__coffin_display_coffin=\box43
\l__coffin_display_coord_coffin=\box44
\l__coffin_display_pole_coffin=\box45
\l__coffin_display_offset_dim=\dimen143
\l__coffin_display_x_dim=\dimen144
\l__coffin_display_y_dim=\dimen145
L3 Module: l3color 2014/08/23 v5354 L3 Experimental color support
L3 Module: l3sys 2015/09/25 v6087 L3 Experimental system/runtime functions
L3 Module: l3candidates 2016/01/14 v6376 L3 Experimental additions to l3kernel
\l__box_top_dim=\dimen146
\l__box_bottom_dim=\dimen147
\l__box_left_dim=\dimen148
\l__box_right_dim=\dimen149
\l__box_top_new_dim=\dimen150
\l__box_bottom_new_dim=\dimen151
\l__box_left_new_dim=\dimen152
\l__box_right_new_dim=\dimen153
\l__box_internal_box=\box46
\l__coffin_bounding_shift_dim=\dimen154
\l__coffin_left_corner_dim=\dimen155
\l__coffin_right_corner_dim=\dimen156
\l__coffin_bottom_corner_dim=\dimen157
\l__coffin_top_corner_dim=\dimen158
\l__coffin_scaled_total_height_dim=\dimen159
\l__coffin_scaled_width_dim=\dimen160
L3 Module: l3luatex 2015/11/11 v6250 L3 Experimental LuaTeX-specific functions
)
(C:\Users\VP242103\Downloads\tex\latex\l3kernel\l3pdfmode.def
File: l3pdfmode.def 2015/11/11 v6250 L3 Experimental driver: PDF mode
\l__driver_color_stack_int=\count141
))
Package: xparse 2016/01/19 v6377 L3 Experimental document command parser
\l__xparse_current_arg_int=\count142
\l__xparse_m_args_int=\count143
\l__xparse_mandatory_args_int=\count144
\l__xparse_processor_int=\count145
\l__xparse_v_nesting_int=\count146
)
(C:\Users\VP242103\Downloads\tex\latex\etoolbox\etoolbox.sty
Package: etoolbox 2015/08/02 v2.2a e-TeX tools for LaTeX (JAW)
\etb@tempcnta=\count147
)
(C:\Users\VP242103\Downloads\tex\latex\oberdiek\zref-abspage.sty
Package: zref-abspage 2012/04/04 v2.24 Module abspage for zref (HO)

(C:\Users\VP242103\Downloads\tex\latex\oberdiek\zref-base.sty
Package: zref-base 2012/04/04 v2.24 Module base for zref (HO)

(C:\Users\VP242103\Downloads\tex\generic\oberdiek\kvdefinekeys.sty
Package: kvdefinekeys 2011/04/07 v1.3 Define keys (HO)
)
(C:\Users\VP242103\Downloads\tex\generic\oberdiek\pdftexcmds.sty
Package: pdftexcmds 2011/11/29 v0.20 Utility functions of pdfTeX for LuaTeX (HO
)
Package pdftexcmds Info: LuaTeX not detected.
Package pdftexcmds Info: \pdf@primitive is available.
Package pdftexcmds Info: \pdf@ifprimitive is available.
Package pdftexcmds Info: \pdfdraftmode found.
)
(C:\Users\VP242103\Downloads\tex\latex\oberdiek\auxhook.sty
Package: auxhook 2011/03/04 v1.3 Hooks for auxiliary files (HO)
)
Package zref Info: New property list: main on input line 759.
Package zref Info: New property: default on input line 760.
Package zref Info: New property: page on input line 761.
)
(C:\Users\VP242103\Downloads\tex\generic\oberdiek\atbegshi.sty
Package: atbegshi 2011/10/05 v1.16 At begin shipout hook (HO)
)
\c@abspage=\count148
Package zref Info: New property: abspage on input line 62.
)
(C:\Users\VP242103\Downloads\tex\latex\needspace\needspace.sty
Package: needspace 2010/09/12 v1.3d reserve vertical space
)
\mdf@templength=\skip55
\c@mdf@globalstyle@cnt=\count149
\mdf@skipabove@length=\skip56
\mdf@skipbelow@length=\skip57
\mdf@leftmargin@length=\skip58
\mdf@rightmargin@length=\skip59
\mdf@innerleftmargin@length=\skip60
\mdf@innerrightmargin@length=\skip61
\mdf@innertopmargin@length=\skip62
\mdf@innerbottommargin@length=\skip63
\mdf@splittopskip@length=\skip64
\mdf@splitbottomskip@length=\skip65
\mdf@outermargin@length=\skip66
\mdf@innermargin@length=\skip67
\mdf@linewidth@length=\skip68
\mdf@innerlinewidth@length=\skip69
\mdf@middlelinewidth@length=\skip70
\mdf@outerlinewidth@length=\skip71
\mdf@roundcorner@length=\skip72
\mdf@footenotedistance@length=\skip73
\mdf@userdefinedwidth@length=\skip74
\mdf@needspace@length=\skip75
\mdf@frametitleaboveskip@length=\skip76
\mdf@frametitlebelowskip@length=\skip77
\mdf@frametitlerulewidth@length=\skip78
\mdf@frametitleleftmargin@length=\skip79
\mdf@frametitlerightmargin@length=\skip80
\mdf@shadowsize@length=\skip81
\mdf@extratopheight@length=\skip82
\mdf@subtitleabovelinewidth@length=\skip83
\mdf@subtitlebelowlinewidth@length=\skip84
\mdf@subtitleaboveskip@length=\skip85
\mdf@subtitlebelowskip@length=\skip86
\mdf@subtitleinneraboveskip@length=\skip87
\mdf@subtitleinnerbelowskip@length=\skip88
\mdf@subsubtitleabovelinewidth@length=\skip89
\mdf@subsubtitlebelowlinewidth@length=\skip90
\mdf@subsubtitleaboveskip@length=\skip91
\mdf@subsubtitlebelowskip@length=\skip92
\mdf@subsubtitleinneraboveskip@length=\skip93
\mdf@subsubtitleinnerbelowskip@length=\skip94

(C:\Users\VP242103\Downloads\tex\latex\mdframed\md-frame-0.mdf
File: md-frame-0.mdf 2013/07/01\ 1.9b: md-frame-0
)
\mdf@frametitlebox=\box47
\mdf@footnotebox=\box48
\mdf@splitbox@one=\box49
\mdf@splitbox@two=\box50
\mdf@splitbox@save=\box51
\mdfsplitboxwidth=\skip95
\mdfsplitboxtotalwidth=\skip96
\mdfsplitboxheight=\skip97
\mdfsplitboxdepth=\skip98
\mdfsplitboxtotalheight=\skip99
\mdfframetitleboxwidth=\skip100
\mdfframetitleboxtotalwidth=\skip101
\mdfframetitleboxheight=\skip102
\mdfframetitleboxdepth=\skip103
\mdfframetitleboxtotalheight=\skip104
\mdffootnoteboxwidth=\skip105
\mdffootnoteboxtotalwidth=\skip106
\mdffootnoteboxheight=\skip107
\mdffootnoteboxdepth=\skip108
\mdffootnoteboxtotalheight=\skip109
\mdftotallinewidth=\skip110
\mdfboundingboxwidth=\skip111
\mdfboundingboxtotalwidth=\skip112
\mdfboundingboxheight=\skip113
\mdfboundingboxdepth=\skip114
\mdfboundingboxtotalheight=\skip115
\mdf@freevspace@length=\skip116
\mdf@horizontalwidthofbox@length=\skip117
\mdf@verticalmarginwhole@length=\skip118
\mdf@horizontalspaceofbox=\skip119
\mdfsubtitleheight=\skip120
\mdfsubsubtitleheight=\skip121
\c@mdfcountframes=\count150

****** mdframed patching \endmdf@trivlist

****** -- success******

.................................................
. LaTeX info: "xparse/define-command"
. 
. Defining command \newmdtheoremenv with sig. 'O{} m o m o ' on line 601.
.................................................
.................................................
. LaTeX info: "xparse/define-command"
. 
. Defining command \mdtheorem with sig. ' O{} m o m o ' on line 701.
.................................................
\mdf@envdepth=\count151
\c@mdf@env@i=\count152
\c@mdf@env@ii=\count153
\c@mdf@zref@counter=\count154
Package zref Info: New property: mdf@pagevalue on input line 895.
)
(C:\Users\VP242103\Downloads\tex\latex\algorithms\algorithm.sty
Package: algorithm 2009/08/24 v0.1 Document Style `algorithm' - floating enviro
nment

(C:\Users\VP242103\Downloads\tex\latex\float\float.sty
Package: float 2001/11/08 v1.3d Float enhancements (AL)
\c@float@type=\count155
\float@exts=\toks41
\float@box=\box52
\@float@everytoks=\toks42
\@floatcapt=\box53
)
(C:\Users\VP242103\Downloads\tex\latex\base\ifthen.sty
Package: ifthen 2014/09/29 v1.1c Standard LaTeX ifthen package (DPC)
)
\@float@every@algorithm=\toks43
\c@algorithm=\count156
)
(C:\Users\VP242103\Downloads\tex\latex\algorithmicx\algpseudocode.sty
Package: algpseudocode 

(C:\Users\VP242103\Downloads\tex\latex\algorithmicx\algorithmicx.sty
Package: algorithmicx 2005/04/27 v1.2 Algorithmicx

Document Style algorithmicx 1.2 - a greatly improved `algorithmic' style
\c@ALG@line=\count157
\c@ALG@rem=\count158
\c@ALG@nested=\count159
\ALG@tlm=\skip122
\ALG@thistlm=\skip123
\c@ALG@Lnr=\count160
\c@ALG@blocknr=\count161
\c@ALG@storecount=\count162
\c@ALG@tmpcounter=\count163
\ALG@tmplength=\skip124
)
Document Style - pseudocode environments for use with the `algorithmicx' style
) (C:\Users\VP242103\Downloads\tex\latex\natbib\natbib.sty
Package: natbib 2010/09/13 8.31b (PWD, AO)
\bibhang=\skip125
\bibsep=\skip126
LaTeX Info: Redefining \cite on input line 694.
LaTeX Info: Redefining \citeyear on input line 735.
\c@NAT@ctr=\count164
)
(C:\Users\VP242103\Downloads\tex\latex\sttools\flushend.sty
Package: flushend 2015/04/14 v3.1 Balancing columns in twocolumn mode
\flushend@@lastskip@a=\skip127
\flushend@@lastskip@b=\skip128
\flushend@@lastskip@c=\skip129
\flushend@@penalty@a=\count165
\flushend@@lastkern@a=\dimen161
\var@@temp@spread=\dimen162
\var@@temp@a=\dimen163
\flushend@@page@rule=\dimen164
\flushend@@varbox@a=\box54
\flushend@@varbox@c=\box55
\flushend@@tempbox@a=\box56
\flushend@@tempbox@c=\box57
\@viper=\box58
\hold@viper=\box59
\atColsBreak=\toks44
\atColsEnd=\toks45
)
\c@definition=\count166
\c@defn=\count167
\c@property=\count168
\c@theorem=\count169

(C:\Users\VP242103\Downloads\tex\latex\listings\lstlang1.sty
File: lstlang1.sty 2015/06/04 1.6 listings language file
)
(C:\Users\VP242103\Downloads\tex\latex\listings\lstlang1.sty
File: lstlang1.sty 2015/06/04 1.6 listings language file
)
(C:\Users\VP242103\Downloads\tex\latex\listings\lstlang1.sty
File: lstlang1.sty 2015/06/04 1.6 listings language file
) (FullUSM_ACM.aux)
LaTeX Font Info:    Checking defaults for OML/cmm/m/it on input line 62.
LaTeX Font Info:    ... okay on input line 62.
LaTeX Font Info:    Checking defaults for T1/cmr/m/n on input line 62.
LaTeX Font Info:    ... okay on input line 62.
LaTeX Font Info:    Checking defaults for OT1/cmr/m/n on input line 62.
LaTeX Font Info:    ... okay on input line 62.
LaTeX Font Info:    Checking defaults for OMS/cmsy/m/n on input line 62.
LaTeX Font Info:    ... okay on input line 62.
LaTeX Font Info:    Checking defaults for OMX/cmex/m/n on input line 62.
LaTeX Font Info:    ... okay on input line 62.
LaTeX Font Info:    Checking defaults for U/cmr/m/n on input line 62.
LaTeX Font Info:    ... okay on input line 62.
(C:\Users\VP242103\Downloads\tex\context\base\supp-pdf.mkii
[Loading MPS to PDF converter (version 2006.09.02).]
\scratchcounter=\count170
\scratchdimen=\dimen165
\scratchbox=\box60
\nofMPsegments=\count171
\nofMParguments=\count172
\everyMPshowfont=\toks46
\MPscratchCnt=\count173
\MPscratchDim=\dimen166
\MPnumerator=\count174
\makeMPintoPDFobject=\count175
\everyMPtoPDFconversion=\toks47
)
\c@lstlisting=\count176
\AtBeginShipoutBox=\box61
LaTeX Font Info:    Try loading font information for U+msa on input line 136.
 (C:\Users\VP242103\Downloads\tex\latex\amsfonts\umsa.fd
File: umsa.fd 2013/01/14 v3.01 AMS symbols A
)
LaTeX Font Info:    Try loading font information for U+msb on input line 136.

(C:\Users\VP242103\Downloads\tex\latex\amsfonts\umsb.fd
File: umsb.fd 2013/01/14 v3.01 AMS symbols B
)
LaTeX Font Info:    Try loading font information for U+lasy on input line 136.

(C:\Users\VP242103\Downloads\tex\latex\base\ulasy.fd
File: ulasy.fd 1998/08/17 v2.2e LaTeX symbol font definitions
)
LaTeX Font Info:    Try loading font information for T1+ptm on input line 136.

(C:\Users\VP242103\Downloads\tex\latex\psnfss\t1ptm.fd
File: t1ptm.fd 2001/06/04 font definitions for T1/ptm.
)
LaTeX Font Info:    Try loading font information for OMS+ptm on input line 136.


(C:\Users\VP242103\Downloads\tex\latex\psnfss\omsptm.fd
File: omsptm.fd 
)
LaTeX Font Info:    Font shape `OMS/ptm/m/n' in size <7> not available
(Font)              Font shape `OMS/cmsy/m/n' tried instead on input line 136.
 (sections/abstract.tex) Excluding 'CCSXML' comment.
LaTeX Font Info:    Try loading font information for OMS+aer on input line 176.


(C:\Users\VP242103\Downloads\tex\latex\ae\omsaer.fd
File: omsaer.fd 1999/12/27
)
LaTeX Font Info:    Font shape `OMS/aer/m/n' in size <9> not available
(Font)              Font shape `OMS/cmsy/m/n' tried instead on input line 176.
 (sections/introduction.tex
Overfull \hbox (4.39108pt too wide) in paragraph at lines 42--43
\T1/aer/m/n/9 work on the Pre-cise Se-man-tics of State Ma-chine (PSSM)
 []

[1{C:/Users/VP242103/Downloads/pdftex/config/pdftex.map}


])
(sections/formalizerevised.tex
Overfull \hbox (7.71925pt too wide) in paragraph at lines 10--11
\T1/aer/m/it/9 eral ver-texes, and con-tained by a state $\OML/cmm/m/it/9 s$\T1
/aer/m/it/9 . We write $\OML/cmm/m/it/9 owner\OT1/cmr/m/n/9 (\OML/cmm/m/it/9 r\
OT1/cmr/m/n/9 ) =$
 []


Overfull \hbox (4.15395pt too wide) in paragraph at lines 13--14
[]\T1/aer/m/it/9 A ver-tex is ei-ther a UML state or a pseudo-
 []


Overfull \hbox (6.7187pt too wide) in paragraph at lines 16--17
$\OML/cmm/m/it/9 ActLang$\T1/aer/m/it/9 . A guard is a boolean ex-pres-sion wri
t-ten in $\OML/cmm/m/it/9 ActLang$\T1/aer/m/it/9 . 
 []


Overfull \hbox (39.96072pt too wide) in paragraph at lines 19--22
\T1/aer/m/it/9 events. A tran-si-tion has a type $\OML/cmm/m/it/9 t:type$ $\OMS
/cmsy/m/n/9 2 f\OML/cmm/m/it/9 trig; tless; gdless; triggdless\OMS/cmsy/m/n/9 g
$
 []

Excluding 'comment' comment. Excluding 'comment' comment.
Overfull \hbox (29.29749pt too wide) detected at line 101
\OML/cmm/m/it/9 owner[]\OT1/cmr/m/n/9 (\OML/cmm/m/it/9 v\OT1/cmr/m/n/9 ) = []
 []

Excluding 'comment' comment. Excluding 'comment' comment.
Excluding 'comment' comment. Excluding 'comment' comment.
Excluding 'comment' comment.
Overfull \hbox (5.77028pt too wide) in paragraph at lines 375--376
[]\T1/aer/m/it/9 Current ac-tive con-fig-u-ra-tion $\OML/cmm/m/it/9 Cfg$ \T1/ae
r/m/it/9 of a UML
 []

) (sections/concurrency.tex Excluding 'comment' comment.
Excluding 'comment' comment. Excluding 'comment' comment.
Overfull \hbox (9.13998pt too wide) in paragraph at lines 161--169
\T1/aer/m/n/9 thread, in which there are per-ma-nent and spon-ta-neous threads.

 []


Overfull \hbox (8.89958pt too wide) in paragraph at lines 172--173
[]\T1/aer/m/n/9 Sleep func-tion as-so-ci-ated with a \T1/aer/m/it/9 TimeEvent \
T1/aer/m/n/9 which counts
 []

Excluding 'comment' comment. [2] Excluding 'comment' comment.)
(sections/codegentex.tex
Overfull \hbox (28.94269pt too wide) in paragraph at lines 35--36
\T1/aer/m/n/9 so-ci-ated with the func-tion/method \T1/aer/m/it/9 func \T1/aer/
m/n/9 and \T1/aer/m/it/9 JOIN(theThread)
 []


Overfull \hbox (19.73572pt too wide) in paragraph at lines 35--36
\T1/aer/m/n/9 waits un-til the method as-so-ci-ated with the thread \T1/aer/m/i
t/9 theThread
 []


Overfull \hbox (15.04662pt too wide) in paragraph at lines 47--52
[]\T1/aer/m/n/9 Listing 1[] shows the in-ter-face and its in-stances. \T1/aer/m
/it/9 NUM_STATES
 []

(C:\Users\VP242103\Downloads\tex\latex\listings\lstlang1.sty
File: lstlang1.sty 2015/06/04 1.6 listings language file
)
(C:\Users\VP242103\Downloads\tex\latex\listings\lstlang1.sty
File: lstlang1.sty 2015/06/04 1.6 listings language file
)
(C:\Users\VP242103\Downloads\tex\latex\listings\lstmisc.sty
File: lstmisc.sty 2015/06/04 1.6 (Carsten Heinz)
)
LaTeX Font Info:    Font shape `OMS/aer/m/n' in size <5> not available
(Font)              Font shape `OMS/cmsy/m/n' tried instead on input line 58.

Excluding 'comment' comment. Excluding 'comment' comment.

Package Listings Warning: Text dropped after begin of listing on input line 119
.

<figures/EnteringStateExample.pdf, id=23, 502.87875pt x 158.5925pt>
File: figures/EnteringStateExample.pdf Graphic file (type pdf)

<use figures/EnteringStateExample.pdf>
Package pdftex.def Info: figures/EnteringStateExample.pdf used on input line 14
6.
(pdftex.def)             Requested size: 240.0pt x 71.88496pt.

Overfull \hbox (23.41159pt too wide) in paragraph at lines 156--157
[]\T1/aer/m/n/9 Way 2: en-ter-ing on a di-rect sub-vertex: $\OML/cmm/m/it/9 tgt
\OT1/cmr/m/n/9 (\OML/cmm/m/it/9 t\OT1/cmr/m/n/9 ) \OMS/cmsy/m/n/9 2 \OML/cmm/m/
it/9 vertices\OT1/cmr/m/n/9 (\OML/cmm/m/it/9 r\OT1/cmr/m/n/9 ) \OMS/cmsy/m/n/9 
^$
 []


Overfull \hbox (12.05904pt too wide) in paragraph at lines 158--159
[]\T1/aer/m/n/9 Way 3: en-ter-ing on an in-di-rect sub-vertex: $\OML/cmm/m/it/9
 ctner\OT1/cmr/m/n/9 (\OML/cmm/m/it/9 tgt\OT1/cmr/m/n/9 (\OML/cmm/m/it/9 t\OT1/
cmr/m/n/9 )) \OMS/cmsy/m/n/9 2$
 []

[3 <./figures/EnteringStateExample.pdf>]
Overfull \hbox (21.83307pt too wide) in paragraph at lines 163--168
\T1/aer/m/n/9 ber of tran-si-tions com-ing to the com-pos-ite state $\OML/cmm/m
/it/9 S\OT1/cmr/m/n/9 1$\T1/aer/m/n/9 : $\OT1/cmr/m/n/9 #\OML/cmm/m/it/9 values
\OT1/cmr/m/n/9 (\OML/cmm/m/it/9 s\OT1/cmr/m/n/9 ) =$
 []


Overfull \hbox (34.7543pt too wide) in paragraph at lines 163--168
$\OT1/cmr/m/n/9 #\OMS/cmsy/m/n/9 f\OML/cmm/m/it/9 v \OMS/cmsy/m/n/9 2 \OML/cmm/
m/it/9 vertices[]\OT1/cmr/m/n/9 (\OML/cmm/m/it/9 s\OT1/cmr/m/n/9 ) \OMS/cmsy/m/
n/9 n \OML/cmm/m/it/9 vertices\OT1/cmr/m/n/9 (\OML/cmm/m/it/9 s\OT1/cmr/m/n/9 )
\OMS/cmsy/m/n/9 j9\OML/cmm/m/it/9 t \OMS/cmsy/m/n/9 2 \OML/cmm/m/it/9 T[]\OT1/c
mr/m/n/9 (\OML/cmm/m/it/9 v\OT1/cmr/m/n/9 )\OML/cmm/m/it/9 ; src\OT1/cmr/m/n/9 
(\OML/cmm/m/it/9 t\OT1/cmr/m/n/9 ) [] \OML/cmm/m/it/9 vertices[]\OT1/cmr/m/n/9 
(\OML/cmm/m/it/9 s\OT1/cmr/m/n/9 )\OMS/cmsy/m/n/9 g$\T1/aer/m/n/9 .
 []


LaTeX Warning: No positions in optional float specifier.
               Default added (so using `tbp') on input line 220.


Underfull \hbox (badness 10000) in paragraph at lines 226--226
[]|\T1/aer/m/n/9 Event
 []


Underfull \hbox (badness 10000) in paragraph at lines 227--227
[]|\T1/aer/m/it/9 Call
 []


Underfull \hbox (badness 10000) in paragraph at lines 231--231
[]|\T1/aer/m/it/9 Signal
 []


Underfull \hbox (badness 10000) in paragraph at lines 236--236
[]|\T1/aer/m/it/9 Time
 []


Underfull \hbox (badness 10000) in paragraph at lines 242--242
[]|\T1/aer/m/it/9 Change
 []


Underfull \hbox (badness 10000) in paragraph at lines 242--242
\T1/aer/m/it/9 Event
 []


Overfull \hbox (19.68065pt too wide) in paragraph at lines 224--248
 [][] 
 []

Excluding 'comment' comment.
Underfull \hbox (badness 10000) in paragraph at lines 272--272
[][]$\T1/aer/m/n/9 https : / / en . wikipedia . org / wiki / Marshalling _ (com
puter _$
 []

[4] <figures/eventqueue.pdf, id=66, 339.2675pt x 101.37875pt>
File: figures/eventqueue.pdf Graphic file (type pdf)

<use figures/eventqueue.pdf>
Package pdftex.def Info: figures/eventqueue.pdf used on input line 276.
(pdftex.def)             Requested size: 144.00146pt x 39.52638pt.

Overfull \hbox (5.44865pt too wide) in paragraph at lines 284--285
[]\T1/aer/m/n/9 Each event trig-gers a list of tran-si-tions. We sup-pose $\OML
/cmm/m/it/9 T[]\OT1/cmr/m/n/9 (\OML/cmm/m/it/9 e\OT1/cmr/m/n/9 )$
 []


Overfull \hbox (4.39546pt too wide) in paragraph at lines 284--285
\T1/aer/m/n/9 states which are the source states of the tran-si-tions in $\OML/
cmm/m/it/9 T[]\OT1/cmr/m/n/9 (\OML/cmm/m/it/9 e\OT1/cmr/m/n/9 )$\T1/aer/m/n/9 .

 []


Overfull \hbox (64.00815pt too wide) in paragraph at lines 299--303
\T1/aer/m/n/9 by $\OML/cmm/m/it/9 GENERATE[]STATE[]EVENT[]CHECK$\T1/aer/m/n/9 ,
 $\OML/cmm/m/it/9 GENERATE[]GUARD\OT1/cmr/m/n/9 (\OML/cmm/m/it/9 t\OT1/cmr/m/n/
9 )$
 []


Overfull \hbox (42.5897pt too wide) in paragraph at lines 299--303
\T1/aer/m/n/9 (not shown in this pa-per), $\OML/cmm/m/it/9 GENERATE[]STATE[]EVE
NT[]CHECK$
 []


Overfull \hbox (19.11082pt too wide) in paragraph at lines 316--321
[]\T1/aer/m/n/9 For a tran-si-tion $\OML/cmm/m/it/9 t$\T1/aer/m/n/9 , $\OML/cmm
/m/it/9 GENERATE[]STATE[]EVENT[]CHECK$
 []

Excluding 'comment' comment. Excluding 'comment' comment.

LaTeX Warning: No positions in optional float specifier.
               Default added (so using `tbp') on input line 399.


Overfull \hbox (1.30963pt too wide) in paragraph at lines 406--406
[]|\T1/aer/m/n/9 Output| 
 []


Overfull \hbox (9.222pt too wide) in paragraph at lines 403--436
 [][] 
 []

Excluding 'comment' comment. Excluding 'comment' comment.
Excluding 'comment' comment. [5 <./figures/eventqueue.pdf>]

LaTeX Warning: No positions in optional float specifier.
               Default added (so using `tbp') on input line 596.


Overfull \hbox (4.63945pt too wide) in paragraph at lines 606--606
[]|\T1/aer/m/n/9 junction| 
 []


Overfull \hbox (1.11176pt too wide) in paragraph at lines 608--608
[]|[]| 
 []


Underfull \hbox (badness 10000) in paragraph at lines 610--610
[]|\T1/aer/m/n/9 entry
 []


Underfull \hbox (badness 10000) in paragraph at lines 611--611
[]|\T1/aer/m/n/9 exit
 []


Overfull \hbox (10.58855pt too wide) in paragraph at lines 612--612
[]|\T1/aer/m/n/9 terminate| 
 []


Overfull \hbox (18.25792pt too wide) in paragraph at lines 600--614
 [][] 
 []

Excluding 'comment' comment.) (sections/experiment.tex [6]
<figures/semanticconformance.pdf, id=87, 963.6pt x 542.025pt>
File: figures/semanticconformance.pdf Graphic file (type pdf)

<use figures/semanticconformance.pdf>
Package pdftex.def Info: figures/semanticconformance.pdf used on input line 32.

(pdftex.def)             Requested size: 167.99927pt x 35.15117pt.


LaTeX Warning: No positions in optional float specifier.
               Default added (so using `tbp') on input line 38.


Overfull \hbox (77.458pt too wide) in paragraph at lines 42--47
 [][] 
 []

Excluding 'comment' comment. Excluding 'comment' comment.

LaTeX Warning: No positions in optional float specifier.
               Default added (so using `tbp') on input line 127.

<experiments/box-plot-mine.pdf, id=89, 614.295pt x 794.97pt>
File: experiments/box-plot-mine.pdf Graphic file (type pdf)

<use experiments/box-plot-mine.pdf>
Package pdftex.def Info: experiments/box-plot-mine.pdf used on input line 142.
(pdftex.def)             Requested size: 240.0pt x 104.4809pt.
 Excluding 'comment' comment.
Excluding 'comment' comment.

LaTeX Warning: No positions in optional float specifier.
               Default added (so using `tbp') on input line 192.


LaTeX Warning: No positions in optional float specifier.
               Default added (so using `tbp') on input line 207.


Overfull \hbox (13.33809pt too wide) in paragraph at lines 211--216
 [][] 
 []

) (sections/relatedwork.tex
Overfull \hbox (1.3309pt too wide) in paragraph at lines 3--7
\T1/aer/m/n/9 huge at-ten-tion in au-to-mated soft-ware de-vel-op-ment and many

 []

[7 <./figures/semanticconformance.pdf> <./experiments/box-plot-mine.pdf>])
(sections/conclusion.tex
Overfull \hbox (11.24704pt too wide) in paragraph at lines 8--12
\T1/aer/m/n/9 PSM and con-duct-ing ex-per-i-ments on the semantic-conformance
 []

) (FullUSM_ACM.bbl
Underfull \hbox (badness 3769) in paragraph at lines 39--45
[]\T1/aer/m/n/9 Boost.  Com-pos-ite CD-Player Ex-am-ple.  $http :$
 []


Underfull \hbox (badness 10000) in paragraph at lines 39--45
$\T1/aer/m/n/9 / / www . boost . org / doc / libs / 1 _ 45 _ 0 / libs / msm / d
oc /$
 []


Underfull \hbox (badness 10000) in paragraph at lines 47--53
[]\T1/aer/m/n/9 Boost.  Sim-ple CD-Player Ex-am-ple.  $http :$
 []


Underfull \hbox (badness 10000) in paragraph at lines 47--53
$\T1/aer/m/n/9 / / www . boost . org / doc / libs / 1 _ 45 _ 0 / libs / msm / d
oc /$
 []


Underfull \hbox (badness 5008) in paragraph at lines 75--80
[]\T1/aer/m/n/9 IBM.  IBM Rhap-shody and UML dif-fer-ences.
 []


Underfull \hbox (badness 10000) in paragraph at lines 75--80
$\T1/aer/m/n/9 http : / / www-[]01 . ibm . com / support / docview . wss ? uid 
=$
 []


Underfull \hbox (badness 10000) in paragraph at lines 87--93
[]\T1/aer/m/n/9 B. Li-brary.  The Boost Stat-e-chart Li-brary.
 []


Underfull \hbox (badness 10000) in paragraph at lines 87--93
$\T1/aer/m/n/9 http : / / www . boost . org / doc / libs / 1 _ 61 _ 0 / libs /$

 []

[8]
Underfull \hbox (badness 10000) in paragraph at lines 101--107
$\T1/aer/m/n/9 doc / libs / 1 _ 59 _ 0 _ b1 / libs / msm / doc / HTML / index .
 html$,
 []


Underfull \hbox (badness 10000) in paragraph at lines 158--162
[]\T1/aer/m/n/9 SinelaboreRT.  Sinela-bore Man-ual.  $http :$
 []


Underfull \hbox (badness 10000) in paragraph at lines 158--162
$\T1/aer/m/n/9 / / www . sinelabore . com / lib / exe / fetch . php ? media = w
iki :$
 []

)
- LAST -
Extra skip:38.09142pt
Left:357.60599pt/2.25pt
Right:319.51457pt/2.25pt
Output:345.41028pt
 [9] (FullUSM_ACM.aux) ) 
Here is how much of TeX's memory you used:
 14560 strings out of 493673
 247620 string characters out of 3144029
 450272 words of memory out of 3000000
 17638 multiletter control sequences out of 15000+200000
 73114 words of font info for 104 fonts, out of 3000000 for 9000
 1025 hyphenation exceptions out of 8191
 59i,19n,122p,10416b,1606s stack positions out of 5000i,500n,10000p,200000b,50000s
{C:/Users/VP242103/Downloads/fonts/enc/dvips/fontname/8
r.enc}<C:/Users/VP242103/Downloads/fonts/type1/public/amsfonts/cm/cmbx5.pfb><C:
/Users/VP242103/Downloads/fonts/type1/public/amsfonts/cm/cmbx9.pfb><C:/Users/VP
242103/Downloads/fonts/type1/public/amsfonts/cm/cmbxti10.pfb><C:/Users/VP242103
/Downloads/fonts/type1/public/amsfonts/cm/cmcsc10.pfb><C:/Users/VP242103/Downlo
ads/fonts/type1/public/amsfonts/cmextra/cmex9.pfb><C:/Users/VP242103/Downloads/
fonts/type1/public/amsfonts/cm/cmmi5.pfb><C:/Users/VP242103/Downloads/fonts/typ
e1/public/amsfonts/cm/cmmi6.pfb><C:/Users/VP242103/Downloads/fonts/type1/public
/amsfonts/cm/cmmi7.pfb><C:/Users/VP242103/Downloads/fonts/type1/public/amsfonts
/cm/cmmi9.pfb><C:/Users/VP242103/Downloads/fonts/type1/public/amsfonts/cm/cmr5.
pfb><C:/Users/VP242103/Downloads/fonts/type1/public/amsfonts/cm/cmr6.pfb><C:/Us
ers/VP242103/Downloads/fonts/type1/public/amsfonts/cm/cmr8.pfb><C:/Users/VP2421
03/Downloads/fonts/type1/public/amsfonts/cm/cmr9.pfb><C:/Users/VP242103/Downloa
ds/fonts/type1/public/amsfonts/cm/cmsy5.pfb><C:/Users/VP242103/Downloads/fonts/
type1/public/amsfonts/cm/cmsy7.pfb><C:/Users/VP242103/Downloads/fonts/type1/pub
lic/amsfonts/cm/cmsy9.pfb><C:/Users/VP242103/Downloads/fonts/type1/public/amsfo
nts/cm/cmti7.pfb><C:/Users/VP242103/Downloads/fonts/type1/public/amsfonts/cm/cm
ti9.pfb><C:/Users/VP242103/Downloads/fonts/type1/urw/helvetic/uhvb8a.pfb><C:/Us
ers/VP242103/Downloads/fonts/type1/urw/helvetic/uhvr8a.pfb><C:/Users/VP242103/D
ownloads/fonts/type1/urw/times/utmb8a.pfb><C:/Users/VP242103/Downloads/fonts/ty
pe1/urw/times/utmr8a.pfb><C:/Users/VP242103/Downloads/fonts/type1/urw/times/utm
ri8a.pfb>
Output written on FullUSM_ACM.pdf (9 pages, 603821 bytes).
PDF statistics:
 250 PDF objects out of 1000 (max. 8388607)
 0 named destinations out of 1000 (max. 500000)
 45 words of extra memory for PDF output out of 10000 (max. 10000000)

